<?xml version="1.0" encoding="UTF-8"?>
<testng-results skipped="0" failed="0" ignored="0" total="1" passed="1">
  <reporter-output>
  </reporter-output>
  <suite name="Default suite" duration-ms="60" started-at="2018-09-08T17:03:49Z" finished-at="2018-09-08T17:03:49Z">
    <groups>
    </groups>
    <test name="Default test" duration-ms="60" started-at="2018-09-08T17:03:49Z" finished-at="2018-09-08T17:03:49Z">
      <class name="git_demo.gittest">
        <test-method status="PASS" signature="f()[pri:0, instance:git_demo.gittest@6cc4c815]" name="f" duration-ms="21" started-at="2018-09-08T17:03:49Z" finished-at="2018-09-08T17:03:49Z">
          <reporter-output>
          </reporter-output>
        </test-method> <!-- f -->
      </class> <!-- git_demo.gittest -->
    </test> <!-- Default test -->
  </suite> <!-- Default suite -->
</testng-results>
